0 info it worked if it ends with ok
1 verbose cli [ 'node', '/usr/local/bin/npm', 'install', '-g', 'bitcoinjs-lib' ]
2 info using npm@1.4.28
3 info using node@v0.10.32
4 verbose cache add [ 'bitcoinjs-lib', null ]
5 verbose cache add name=undefined spec="bitcoinjs-lib" args=["bitcoinjs-lib",null]
6 verbose parsed url { protocol: null,
6 verbose parsed url   slashes: null,
6 verbose parsed url   auth: null,
6 verbose parsed url   host: null,
6 verbose parsed url   port: null,
6 verbose parsed url   hostname: null,
6 verbose parsed url   hash: null,
6 verbose parsed url   search: null,
6 verbose parsed url   query: null,
6 verbose parsed url   pathname: 'bitcoinjs-lib',
6 verbose parsed url   path: 'bitcoinjs-lib',
6 verbose parsed url   href: 'bitcoinjs-lib' }
7 silly lockFile 58a9eab0-bitcoinjs-lib bitcoinjs-lib
8 verbose lock bitcoinjs-lib /Users/Lime/.npm/58a9eab0-bitcoinjs-lib.lock
9 silly lockFile 58a9eab0-bitcoinjs-lib bitcoinjs-lib
10 silly lockFile 58a9eab0-bitcoinjs-lib bitcoinjs-lib
11 verbose addNamed [ 'bitcoinjs-lib', '' ]
12 verbose addNamed [ null, '*' ]
13 silly lockFile 64802c56-bitcoinjs-lib bitcoinjs-lib@
14 verbose lock bitcoinjs-lib@ /Users/Lime/.npm/64802c56-bitcoinjs-lib.lock
15 silly addNameRange { name: 'bitcoinjs-lib', range: '*', hasData: false }
16 verbose request where is /bitcoinjs-lib
17 verbose request registry https://registry.npmjs.org/
18 verbose request id ee3418c5754594f0
19 verbose url raw /bitcoinjs-lib
20 verbose url resolving [ 'https://registry.npmjs.org/', './bitcoinjs-lib' ]
21 verbose url resolved https://registry.npmjs.org/bitcoinjs-lib
22 verbose request where is https://registry.npmjs.org/bitcoinjs-lib
23 info trying registry request attempt 1 at 00:30:25
24 http GET https://registry.npmjs.org/bitcoinjs-lib
25 http 200 https://registry.npmjs.org/bitcoinjs-lib
26 silly registry.get cb [ 200,
26 silly registry.get   { date: 'Fri, 19 Sep 2014 04:30:26 GMT',
26 silly registry.get     server: 'CouchDB/1.5.0 (Erlang OTP/R16B03)',
26 silly registry.get     etag: '"DDT3PCW4K62HJOB6DITKO8ZJM"',
26 silly registry.get     'content-type': 'application/json',
26 silly registry.get     'cache-control': 'max-age=60',
26 silly registry.get     'content-length': '19495',
26 silly registry.get     'accept-ranges': 'bytes',
26 silly registry.get     via: '1.1 varnish',
26 silly registry.get     age: '0',
26 silly registry.get     'x-served-by': 'cache-jfk1027-JFK',
26 silly registry.get     'x-cache': 'MISS',
26 silly registry.get     'x-cache-hits': '0',
26 silly registry.get     'x-timer': 'S1411101026.144628,VS0,VE169',
26 silly registry.get     vary: 'Accept',
26 silly registry.get     'keep-alive': 'timeout=10, max=50',
26 silly registry.get     connection: 'Keep-Alive' } ]
27 silly addNameRange number 2 { name: 'bitcoinjs-lib', range: '*', hasData: true }
28 silly addNameRange versions [ 'bitcoinjs-lib',
28 silly addNameRange   [ '0.1.0', '0.1.3', '0.2.0', '1.0.0', '1.0.1', '1.0.2' ] ]
29 verbose addNamed [ 'bitcoinjs-lib', '1.0.2' ]
30 verbose addNamed [ '1.0.2', '1.0.2' ]
31 silly lockFile 058d67f2-bitcoinjs-lib-1-0-2 bitcoinjs-lib@1.0.2
32 verbose lock bitcoinjs-lib@1.0.2 /Users/Lime/.npm/058d67f2-bitcoinjs-lib-1-0-2.lock
33 silly lockFile 6f8b3608-injs-lib-bitcoinjs-lib-1-0-2-tgz https://registry.npmjs.org/bitcoinjs-lib/-/bitcoinjs-lib-1.0.2.tgz
34 verbose lock https://registry.npmjs.org/bitcoinjs-lib/-/bitcoinjs-lib-1.0.2.tgz /Users/Lime/.npm/6f8b3608-injs-lib-bitcoinjs-lib-1-0-2-tgz.lock
35 verbose addRemoteTarball [ 'https://registry.npmjs.org/bitcoinjs-lib/-/bitcoinjs-lib-1.0.2.tgz',
35 verbose addRemoteTarball   'b7208e9f629402d12d02e8712c0606e98c62a4ed' ]
36 info retry fetch attempt 1 at 00:30:26
37 verbose fetch to= /var/folders/np/59yyg9n14fn7pnffjrgn_gt00000gn/T/npm-11974-fq9B9Apn/registry.npmjs.org/bitcoinjs-lib/-/bitcoinjs-lib-1.0.2.tgz
38 http GET https://registry.npmjs.org/bitcoinjs-lib/-/bitcoinjs-lib-1.0.2.tgz
39 http 200 https://registry.npmjs.org/bitcoinjs-lib/-/bitcoinjs-lib-1.0.2.tgz
40 silly lockFile 6f8b3608-injs-lib-bitcoinjs-lib-1-0-2-tgz https://registry.npmjs.org/bitcoinjs-lib/-/bitcoinjs-lib-1.0.2.tgz
41 silly lockFile 6f8b3608-injs-lib-bitcoinjs-lib-1-0-2-tgz https://registry.npmjs.org/bitcoinjs-lib/-/bitcoinjs-lib-1.0.2.tgz
42 silly lockFile 058d67f2-bitcoinjs-lib-1-0-2 bitcoinjs-lib@1.0.2
43 silly lockFile 058d67f2-bitcoinjs-lib-1-0-2 bitcoinjs-lib@1.0.2
44 silly lockFile 64802c56-bitcoinjs-lib bitcoinjs-lib@
45 silly lockFile 64802c56-bitcoinjs-lib bitcoinjs-lib@
46 silly resolved [ { name: 'bitcoinjs-lib',
46 silly resolved     version: '1.0.2',
46 silly resolved     description: 'Client-side Bitcoin JavaScript library',
46 silly resolved     main: './src/index.js',
46 silly resolved     keywords: [ 'bitcoin', 'browser', 'client', 'library' ],
46 silly resolved     contributors: [ [Object], [Object], [Object], [Object] ],
46 silly resolved     repository:
46 silly resolved      { type: 'git',
46 silly resolved        url: 'https://github.com/bitcoinjs/bitcoinjs-lib.git' },
46 silly resolved     devDependencies:
46 silly resolved      { browserify: '^4.2.1',
46 silly resolved        coveralls: '~2.10.0',
46 silly resolved        'helloblock-js': '^0.2.1',
46 silly resolved        istanbul: '0.1.30',
46 silly resolved        jshint: '2.5.1',
46 silly resolved        mocha: '1.18.2',
46 silly resolved        'mocha-lcov-reporter': '0.0.1',
46 silly resolved        sinon: '1.9.0',
46 silly resolved        'uglify-js': '2.4.13' },
46 silly resolved     testling: { browsers: [Object], harness: 'mocha-bdd', files: 'test/*.js' },
46 silly resolved     scripts:
46 silly resolved      { compile: 'browserify ./src/index.js -s Bitcoin | uglifyjs > bitcoinjs-min.js',
46 silly resolved        coverage: 'istanbul cover _mocha -- test/*.js',
46 silly resolved        coveralls: 'npm run-script coverage && coveralls < coverage/lcov.info',
46 silly resolved        integration: 'mocha --reporter list test/integration/*.js',
46 silly resolved        jshint: 'jshint --config jshint.json src/*.js ; true',
46 silly resolved        test: 'npm run-script unit',
46 silly resolved        unit: 'istanbul test mocha -- --reporter list test/*.js' },
46 silly resolved     browser: { crypto: 'crypto-browserify' },
46 silly resolved     dependencies:
46 silly resolved      { bigi: '1.1.0',
46 silly resolved        bs58: '1.2.1',
46 silly resolved        bs58check: '1.0.1',
46 silly resolved        'crypto-js': '3.1.2-3',
46 silly resolved        'crypto-browserify': '3.0.0',
46 silly resolved        ecurve: '1.0.0' },
46 silly resolved     bugs: { url: 'https://github.com/bitcoinjs/bitcoinjs-lib/issues' },
46 silly resolved     homepage: 'https://github.com/bitcoinjs/bitcoinjs-lib',
46 silly resolved     _id: 'bitcoinjs-lib@1.0.2',
46 silly resolved     _shasum: 'b7208e9f629402d12d02e8712c0606e98c62a4ed',
46 silly resolved     _from: 'bitcoinjs-lib@',
46 silly resolved     _npmVersion: '1.4.9',
46 silly resolved     _npmUser: { name: 'kyledrake', email: 'kyle@kyledrake.net' },
46 silly resolved     maintainers: [ [Object], [Object], [Object], [Object] ],
46 silly resolved     dist:
46 silly resolved      { shasum: 'b7208e9f629402d12d02e8712c0606e98c62a4ed',
46 silly resolved        tarball: 'http://registry.npmjs.org/bitcoinjs-lib/-/bitcoinjs-lib-1.0.2.tgz' },
46 silly resolved     directories: {},
46 silly resolved     _resolved: 'https://registry.npmjs.org/bitcoinjs-lib/-/bitcoinjs-lib-1.0.2.tgz' } ]
47 info install bitcoinjs-lib@1.0.2 into /usr/local/lib
48 info installOne bitcoinjs-lib@1.0.2
49 verbose lib/node_modules/bitcoinjs-lib unbuild
50 verbose tar unpack /Users/Lime/.npm/bitcoinjs-lib/1.0.2/package.tgz
51 silly lockFile d440b6cd-l-lib-node-modules-bitcoinjs-lib tar:///usr/local/lib/node_modules/bitcoinjs-lib
52 verbose lock tar:///usr/local/lib/node_modules/bitcoinjs-lib /Users/Lime/.npm/d440b6cd-l-lib-node-modules-bitcoinjs-lib.lock
53 silly lockFile 6fd5e00d--bitcoinjs-lib-1-0-2-package-tgz tar:///Users/Lime/.npm/bitcoinjs-lib/1.0.2/package.tgz
54 verbose lock tar:///Users/Lime/.npm/bitcoinjs-lib/1.0.2/package.tgz /Users/Lime/.npm/6fd5e00d--bitcoinjs-lib-1-0-2-package-tgz.lock
55 silly gunzTarPerm modes [ '755', '644' ]
56 error Error: EACCES, mkdir '/usr/local/lib/node_modules/bitcoinjs-lib'
56 error  { [Error: EACCES, mkdir '/usr/local/lib/node_modules/bitcoinjs-lib']
56 error   errno: 3,
56 error   code: 'EACCES',
56 error   path: '/usr/local/lib/node_modules/bitcoinjs-lib',
56 error   fstream_type: 'Directory',
56 error   fstream_path: '/usr/local/lib/node_modules/bitcoinjs-lib',
56 error   fstream_class: 'DirWriter',
56 error   fstream_stack:
56 error    [ '/usr/local/lib/node_modules/npm/node_modules/fstream/lib/dir-writer.js:36:23',
56 error      '/usr/local/lib/node_modules/npm/node_modules/mkdirp/index.js:46:53',
56 error      'Object.oncomplete (fs.js:107:15)' ] }
57 error Please try running this command again as root/Administrator.
58 error System Darwin 13.3.0
59 error command "node" "/usr/local/bin/npm" "install" "-g" "bitcoinjs-lib"
60 error cwd /Users/Lime/Documents/hello-world
61 error node -v v0.10.32
62 error npm -v 1.4.28
63 error path /usr/local/lib/node_modules/bitcoinjs-lib
64 error fstream_path /usr/local/lib/node_modules/bitcoinjs-lib
65 error fstream_type Directory
66 error fstream_class DirWriter
67 error code EACCES
68 error errno 3
69 error stack Error: EACCES, mkdir '/usr/local/lib/node_modules/bitcoinjs-lib'
70 error fstream_stack /usr/local/lib/node_modules/npm/node_modules/fstream/lib/dir-writer.js:36:23
70 error fstream_stack /usr/local/lib/node_modules/npm/node_modules/mkdirp/index.js:46:53
70 error fstream_stack Object.oncomplete (fs.js:107:15)
71 verbose exit [ 3, true ]
